FILE_TYPE=LIBRARY_PARTS;
PRIMITIVE '284512_2','284512_2_Header, Shrouded - Right Angle PTH Box';
  PIN
    '1':
      PIN_NUMBER='(1)';
      NO_LOAD_CHECK=BOTH;
      NO_IO_CHECK=BOTH;
      ALLOW_CONNECT=TRUE;
      PINUSE='UNSPEC';
    '2':
      PIN_NUMBER='(2)';
      NO_LOAD_CHECK=BOTH;
      NO_IO_CHECK=BOTH;
      ALLOW_CONNECT=TRUE;
      PINUSE='UNSPEC';
  END_PIN;
  BODY
    PART_NAME='284512_2';
    PHYS_DES_PREFIX='J';
    NO_LOAD_CHECK='TRUE';
    PIN_COUNT='2';
    BODY_NAME='284512_2';
    JEDEC_TYPE='SHDRRA2W82P0X350_1X2_900X920X745P';
  END_BODY;
END_PRIMITIVE;
END.
